{"C:\\projects\\Diario\\app.js": {"path":"C:\\projects\\Diario\\app.js","statementMap":{"0":{"start":{"line":7,"column":13},"end":{"line":7,"column":37}},"1":{"start":{"line":8,"column":12},"end":{"line":8,"column":21}},"2":{"start":{"line":11,"column":0},"end":{"line":11,"column":24}},"3":{"start":{"line":13,"column":15},"end":{"line":17,"column":6}},"4":{"start":{"line":20,"column":0},"end":{"line":20,"column":27}},"5":{"start":{"line":21,"column":0},"end":{"line":21,"column":51}},"6":{"start":{"line":23,"column":0},"end":{"line":23,"column":12}},"7":{"start":{"line":24,"column":0},"end":{"line":26,"column":3}},"8":{"start":{"line":25,"column":2},"end":{"line":25,"column":48}}},"fnMap":{"0":{"name":"(anonymous_0)","decl":{"start":{"line":24,"column":17},"end":{"line":24,"column":18}},"loc":{"start":{"line":24,"column":23},"end":{"line":26,"column":1}},"line":24}},"branchMap":{"0":{"loc":{"start":{"line":7,"column":13},"end":{"line":7,"column":37}},"type":"binary-expr","locations":[{"start":{"line":7,"column":13},"end":{"line":7,"column":29}},{"start":{"line":7,"column":33},"end":{"line":7,"column":37}}],"line":7}},"s":{"0":1,"1":1,"2":1,"3":1,"4":1,"5":1,"6":1,"7":1,"8":1},"f":{"0":1},"b":{"0":[1,1]},"_coverageSchema":"332fd63041d2c1bcb487cc26dd0d5f7d97098a6c","hash":"eb844cd62d76848e3689ef48a36b088e5df49bc2","contentHash":"28264b41851d1462db891561fd8c6b1c_11.9.0"}
,"C:\\projects\\Diario\\controllers\\EntriesController.js": {"path":"C:\\projects\\Diario\\controllers\\EntriesController.js","statementMap":{"0":{"start":{"line":6,"column":4},"end":{"line":10,"column":7}},"1":{"start":{"line":13,"column":18},"end":{"line":13,"column":73}},"2":{"start":{"line":13,"column":36},"end":{"line":13,"column":72}},"3":{"start":{"line":14,"column":4},"end":{"line":19,"column":5}},"4":{"start":{"line":15,"column":6},"end":{"line":18,"column":9}},"5":{"start":{"line":20,"column":4},"end":{"line":23,"column":7}}},"fnMap":{"0":{"name":"(anonymous_0)","decl":{"start":{"line":5,"column":2},"end":{"line":5,"column":3}},"loc":{"start":{"line":5,"column":33},"end":{"line":11,"column":3}},"line":5},"1":{"name":"(anonymous_1)","decl":{"start":{"line":12,"column":2},"end":{"line":12,"column":3}},"loc":{"start":{"line":12,"column":28},"end":{"line":24,"column":3}},"line":12},"2":{"name":"(anonymous_2)","decl":{"start":{"line":13,"column":31},"end":{"line":13,"column":32}},"loc":{"start":{"line":13,"column":36},"end":{"line":13,"column":72}},"line":13}},"branchMap":{"0":{"loc":{"start":{"line":14,"column":4},"end":{"line":19,"column":5}},"type":"if","locations":[{"start":{"line":14,"column":4},"end":{"line":19,"column":5}},{"start":{"line":14,"column":4},"end":{"line":19,"column":5}}],"line":14}},"s":{"0":1,"1":2,"2":3,"3":2,"4":1,"5":1},"f":{"0":1,"1":2,"2":3},"b":{"0":[1,1]},"_coverageSchema":"332fd63041d2c1bcb487cc26dd0d5f7d97098a6c","hash":"01eca02c60e6ddc7013fb09b0600e250cad3f595","contentHash":"c89029245d8d09292153f46fdbc6d98d_11.9.0"}
,"C:\\projects\\Diario\\model\\entries.js": {"path":"C:\\projects\\Diario\\model\\entries.js","statementMap":{"0":{"start":{"line":1,"column":16},"end":{"line":16,"column":1}}},"fnMap":{},"branchMap":{},"s":{"0":1},"f":{},"b":{},"_coverageSchema":"332fd63041d2c1bcb487cc26dd0d5f7d97098a6c","hash":"3945c4d16083ccd72f934f5c01e80e4dbc18ba65","contentHash":"a5215e507467740774c07cb13694a50e_11.9.0"}
,"C:\\projects\\Diario\\routes\\index.js": {"path":"C:\\projects\\Diario\\routes\\index.js","statementMap":{"0":{"start":{"line":3,"column":15},"end":{"line":13,"column":1}},"1":{"start":{"line":4,"column":2},"end":{"line":9,"column":5}},"2":{"start":{"line":5,"column":4},"end":{"line":8,"column":7}},"3":{"start":{"line":11,"column":2},"end":{"line":11,"column":52}},"4":{"start":{"line":12,"column":2},"end":{"line":12,"column":51}}},"fnMap":{"0":{"name":"(anonymous_0)","decl":{"start":{"line":3,"column":15},"end":{"line":3,"column":16}},"loc":{"start":{"line":3,"column":24},"end":{"line":13,"column":1}},"line":3},"1":{"name":"(anonymous_1)","decl":{"start":{"line":4,"column":21},"end":{"line":4,"column":22}},"loc":{"start":{"line":4,"column":35},"end":{"line":9,"column":3}},"line":4}},"branchMap":{},"s":{"0":1,"1":1,"2":1,"3":1,"4":1},"f":{"0":1,"1":1},"b":{},"_coverageSchema":"332fd63041d2c1bcb487cc26dd0d5f7d97098a6c","hash":"2e0105ebc3bec56809ef617aa75fd4992e4cc479","contentHash":"085fbc38520a7f8a8bf27d563d8de443_11.9.0"}
}
